\BOOKMARK [0][-]{chapter.10}{\376\377\000I\000n\000t\000r\000o\000d\000u\000\347\000\343\000o}{}% 1
\BOOKMARK [1][-]{section.11}{\376\377\000E\000n\000q\000u\000a\000d\000r\000a\000m\000e\000n\000t\000o\000/\000C\000o\000n\000t\000e\000x\000t\000o}{chapter.10}% 2
\BOOKMARK [1][-]{section.13}{\376\377\000D\000e\000s\000c\000r\000i\000\347\000\343\000o\000\040\000d\000o\000\040\000P\000r\000o\000b\000l\000e\000m\000a}{chapter.10}% 3
\BOOKMARK [2][-]{subsection.14}{\376\377\000O\000b\000j\000e\000t\000i\000v\000o\000s}{section.13}% 4
\BOOKMARK [2][-]{subsection.15}{\376\377\000A\000b\000o\000r\000d\000a\000g\000e\000m}{section.13}% 5
\BOOKMARK [2][-]{subsection.16}{\376\377\000C\000o\000n\000t\000r\000i\000b\000u\000t\000o\000s}{section.13}% 6
\BOOKMARK [2][-]{subsection.18}{\376\377\000P\000l\000a\000n\000e\000a\000m\000e\000n\000t\000o\000\040\000d\000o\000\040\000t\000r\000a\000b\000a\000l\000h\000o}{section.13}% 7
\BOOKMARK [1][-]{section.20}{\376\377\000E\000s\000t\000r\000u\000t\000u\000r\000a\000\040\000d\000o\000\040\000r\000e\000l\000a\000t\000\363\000r\000i\000o}{chapter.10}% 8
\BOOKMARK [0][-]{chapter.21}{\376\377\000E\000s\000t\000a\000d\000o\000\040\000d\000a\000\040\000A\000r\000t\000e}{}% 9
\BOOKMARK [1][-]{section.22}{\376\377\000C\000r\000i\000t\000\351\000r\000i\000o\000s\000\040\000d\000e\000\040\000a\000n\000\341\000l\000i\000s\000e}{chapter.21}% 10
\BOOKMARK [1][-]{section.24}{\376\377\000T\000r\000a\000b\000a\000l\000h\000o\000s\000\040\000r\000e\000l\000a\000c\000i\000o\000n\000a\000d\000o\000s}{chapter.21}% 11
\BOOKMARK [2][-]{subsection.25}{\376\377\000P\000a\000i\000n\000\351\000i\000s\000\040\000c\000o\000m\000e\000r\000c\000i\000a\000i\000s\000\040\000d\000e\000\040\000r\000e\000f\000e\000r\000\352\000n\000c\000i\000a}{section.24}% 12
\BOOKMARK [2][-]{subsection.26}{\376\377\000F\000e\000r\000r\000a\000m\000e\000n\000t\000a\000s\000\040\000c\000o\000n\000f\000i\000g\000u\000r\000\341\000v\000e\000i\000s\000\040\000e\000\040\000f\000r\000a\000m\000e\000w\000o\000r\000k\000s\000\040\000d\000e\000\040\000a\000d\000m\000i\000n\000i\000s\000t\000r\000a\000\347\000\343\000o}{section.24}% 13
\BOOKMARK [2][-]{subsection.27}{\376\377\000A\000n\000\341\000l\000i\000s\000e\000\040\000c\000o\000m\000p\000a\000r\000a\000t\000i\000v\000a}{section.24}% 14
\BOOKMARK [1][-]{section.29}{\376\377\000P\000r\000i\000n\000c\000\355\000p\000i\000o\000s\000\040\000t\000\351\000c\000n\000i\000c\000o\000s\000\040\000r\000e\000l\000e\000v\000a\000n\000t\000e\000s}{chapter.21}% 15
\BOOKMARK [2][-]{subsection.30}{\376\377\000A\000u\000t\000o\000r\000i\000z\000a\000\347\000\343\000o\000\040\000e\000\040\000s\000e\000p\000a\000r\000a\000\347\000\343\000o\000\040\000d\000e\000\040\000r\000e\000s\000p\000o\000n\000s\000a\000b\000i\000l\000i\000d\000a\000d\000e\000s}{section.29}% 16
\BOOKMARK [2][-]{subsection.31}{\376\377\000A\000u\000d\000i\000t\000o\000r\000i\000a\000\040\000o\000p\000e\000r\000a\000c\000i\000o\000n\000a\000l}{section.29}% 17
\BOOKMARK [2][-]{subsection.32}{\376\377\000F\000e\000r\000r\000a\000m\000e\000n\000t\000a\000\040\000g\000e\000n\000\351\000r\000i\000c\000a\000\040\000o\000u\000\040\000i\000m\000p\000l\000e\000m\000e\000n\000t\000a\000\347\000\343\000o\000\040\000c\000u\000s\000t\000o\000m\000i\000z\000a\000d\000a}{section.29}% 18
\BOOKMARK [1][-]{section.33}{\376\377\000T\000e\000c\000n\000o\000l\000o\000g\000i\000a\000s\000\040\000e\000n\000q\000u\000a\000d\000r\000a\000d\000o\000r\000a\000s\000\040\000d\000o\000\040\000p\000r\000o\000j\000e\000t\000o}{chapter.21}% 19
\BOOKMARK [1][-]{section.34}{\376\377\000A\000n\000\341\000l\000i\000s\000e\000\040\000e\000\040\000s\000e\000l\000e\000\347\000\343\000o\000\040\000d\000a\000\040\000a\000b\000o\000r\000d\000a\000g\000e\000m}{chapter.21}% 20
\BOOKMARK [1][-]{section.35}{\376\377\000C\000o\000n\000c\000l\000u\000s\000\343\000o}{chapter.21}% 21
\BOOKMARK [0][-]{chapter.36}{\376\377\000A\000n\000\341\000l\000i\000s\000e\000\040\000e\000\040\000D\000e\000s\000e\000n\000h\000o\000\040\000d\000a\000\040\000S\000o\000l\000u\000\347\000\343\000o}{}% 22
\BOOKMARK [1][-]{section.37}{\376\377\000D\000o\000m\000\355\000n\000i\000o\000\040\000d\000o\000\040\000p\000r\000o\000b\000l\000e\000m\000a}{chapter.36}% 23
\BOOKMARK [1][-]{section.39}{\376\377\000R\000e\000q\000u\000i\000s\000i\000t\000o\000s\000\040\000f\000u\000n\000c\000i\000o\000n\000a\000i\000s\000\040\000e\000\040\000n\000\343\000o\000\040\000f\000u\000n\000c\000i\000o\000n\000a\000i\000s}{chapter.36}% 24
\BOOKMARK [2][-]{subsection.40}{\376\377\000R\000e\000q\000u\000i\000s\000i\000t\000o\000s\000\040\000f\000u\000n\000c\000i\000o\000n\000a\000i\000s}{section.39}% 25
\BOOKMARK [3][-]{section*.41}{\376\377\000A\000u\000t\000e\000n\000t\000i\000c\000a\000\347\000\343\000o\000,\000\040\000a\000u\000t\000o\000r\000i\000z\000a\000\347\000\343\000o\000\040\000e\000\040\000a\000d\000m\000i\000n\000i\000s\000t\000r\000a\000\347\000\343\000o}{subsection.40}% 26
\BOOKMARK [3][-]{section*.42}{\376\377\000O\000p\000e\000r\000a\000\347\000\343\000o\000\040\000d\000a\000\040\000p\000l\000a\000t\000a\000f\000o\000r\000m\000a}{subsection.40}% 27
\BOOKMARK [3][-]{section*.43}{\376\377\000R\000a\000s\000t\000r\000e\000a\000b\000i\000l\000i\000d\000a\000d\000e}{subsection.40}% 28
\BOOKMARK [2][-]{subsection.44}{\376\377\000R\000e\000q\000u\000i\000s\000i\000t\000o\000s\000\040\000n\000\343\000o\000\040\000f\000u\000n\000c\000i\000o\000n\000a\000i\000s}{section.39}% 29
\BOOKMARK [1][-]{section.46}{\376\377\000C\000a\000s\000o\000s\000\040\000d\000e\000\040\000u\000t\000i\000l\000i\000z\000a\000\347\000\343\000o}{chapter.36}% 30
\BOOKMARK [1][-]{section.47}{\376\377\000A\000r\000q\000u\000i\000t\000e\000t\000u\000r\000a\000\040\000d\000a\000\040\000s\000o\000l\000u\000\347\000\343\000o}{chapter.36}% 31
\BOOKMARK [2][-]{subsection.48}{\376\377\000N\000\355\000v\000e\000l\000\040\0001\000\040\040\024\000\040\000C\000o\000n\000t\000e\000x\000t\000o\000\040\000d\000o\000\040\000s\000i\000s\000t\000e\000m\000a}{section.47}% 32
\BOOKMARK [2][-]{subsection.49}{\376\377\000N\000\355\000v\000e\000l\000\040\0002\000\040\040\024\000\040\000C\000o\000n\000t\000e\000n\000t\000o\000r\000e\000s}{section.47}% 33
\BOOKMARK [2][-]{subsection.51}{\376\377\000N\000\355\000v\000e\000l\000\040\0003\000\040\040\024\000\040\000C\000o\000m\000p\000o\000n\000e\000n\000t\000e\000s}{section.47}% 34
\BOOKMARK [2][-]{subsection.54}{\376\377\000V\000i\000s\000t\000a\000\040\000f\000\355\000s\000i\000c\000a}{section.47}% 35
\BOOKMARK [1][-]{section.56}{\376\377\000M\000o\000d\000e\000l\000o\000\040\000d\000e\000\040\000p\000e\000r\000m\000i\000s\000s\000\365\000e\000s}{chapter.36}% 36
\BOOKMARK [1][-]{section.58}{\376\377\000M\000o\000d\000e\000l\000o\000\040\000d\000e\000\040\000d\000a\000d\000o\000s}{chapter.36}% 37
\BOOKMARK [1][-]{section.59}{\376\377\000D\000i\000a\000g\000r\000a\000m\000a\000s\000\040\000d\000e\000\040\000s\000e\000q\000u\000\352\000n\000c\000i\000a\000\040\000d\000o\000\040\000s\000i\000s\000t\000e\000m\000a}{chapter.36}% 38
\BOOKMARK [2][-]{subsection.60}{\376\377\000R\000e\000s\000o\000l\000u\000\347\000\343\000o\000\040\000d\000e\000\040\000p\000e\000r\000m\000i\000s\000s\000\365\000e\000s\000\040\000e\000\040\000a\000c\000e\000s\000s\000o\000\040\000a\000\040\000p\000\341\000g\000i\000n\000a\000s}{section.59}% 39
\BOOKMARK [2][-]{subsection.65}{\376\377\000A\000u\000t\000e\000n\000t\000i\000c\000a\000\347\000\343\000o\000\040\000\050\000B\000O\000S\000H\000-\0002\0006\000\051}{section.59}% 40
\BOOKMARK [2][-]{subsection.67}{\376\377\000R\000e\000v\000i\000s\000\343\000o\000\040\000d\000e\000\040\000c\000a\000m\000p\000a\000n\000h\000a\000s\000\040\000\050\000B\000O\000S\000H\000-\0001\000\051}{section.59}% 41
\BOOKMARK [2][-]{subsection.69}{\376\377\000G\000e\000s\000t\000\343\000o\000\040\000d\000e\000\040\000c\000a\000t\000e\000g\000o\000r\000i\000a\000s\000\040\000\050\000B\000O\000S\000H\000-\0007\000\051}{section.59}% 42
\BOOKMARK [2][-]{subsection.71}{\376\377\000A\000p\000r\000o\000v\000a\000\347\000\343\000o\000\040\000d\000e\000\040\000l\000e\000v\000a\000n\000t\000a\000m\000e\000n\000t\000o\000s\000\040\000\050\000B\000O\000S\000H\000-\0005\000\051}{section.59}% 43
\BOOKMARK [1][-]{section.73}{\376\377\000A\000l\000t\000e\000r\000n\000a\000t\000i\000v\000a\000s\000\040\000a\000o\000\040\000d\000e\000s\000i\000g\000n}{chapter.36}% 44
\BOOKMARK [1][-]{section.79}{\376\377\000C\000o\000n\000c\000l\000u\000s\000\343\000o}{chapter.36}% 45
\BOOKMARK [0][-]{chapter.80}{\376\377\000I\000m\000p\000l\000e\000m\000e\000n\000t\000a\000\347\000\343\000o\000\040\000d\000a\000\040\000S\000o\000l\000u\000\347\000\343\000o}{}% 46
\BOOKMARK [1][-]{section.81}{\376\377\000A\000m\000b\000i\000e\000n\000t\000e\000\040\000e\000\040\000e\000s\000t\000r\000u\000t\000u\000r\000a\000\040\000d\000o\000\040\000p\000r\000o\000j\000e\000t\000o}{chapter.80}% 47
\BOOKMARK [1][-]{section.82}{\376\377\000A\000u\000t\000e\000n\000t\000i\000c\000a\000\347\000\343\000o\000\040\000e\000\040\000c\000o\000n\000t\000r\000o\000l\000o\000\040\000d\000e\000\040\000a\000c\000e\000s\000s\000o}{chapter.80}% 48
\BOOKMARK [2][-]{subsection.83}{\376\377\000P\000a\000s\000s\000o\000\040\0001\000\040\040\024\000\040\000a\000u\000t\000e\000n\000t\000i\000c\000a\000r\000\040\000e\000\040\000r\000e\000s\000o\000l\000v\000e\000r\000\040\000o\000\040\000c\000o\000n\000t\000e\000x\000t\000o\000\040\000d\000o\000\040\000o\000p\000e\000r\000a\000d\000o\000r}{section.82}% 49
\BOOKMARK [2][-]{subsection.84}{\376\377\000P\000a\000s\000s\000o\000\040\0002\000\040\040\024\000\040\000d\000e\000c\000i\000d\000i\000r\000\040\000o\000\040\000a\000c\000e\000s\000s\000o\000\040\000\340\000\040\000a\000p\000l\000i\000c\000a\000\347\000\343\000o\000\040\000e\000\040\000\340\000\040\000p\000\341\000g\000i\000n\000a}{section.82}% 50
\BOOKMARK [2][-]{subsection.85}{\376\377\000P\000a\000s\000s\000o\000\040\0003\000\040\040\024\000\040\000l\000i\000m\000i\000t\000a\000r\000\040\000a\000\347\000\365\000e\000s\000\040\000d\000e\000n\000t\000r\000o\000\040\000d\000a\000\040\000i\000n\000t\000e\000r\000f\000a\000c\000e}{section.82}% 51
\BOOKMARK [2][-]{subsection.86}{\376\377\000P\000a\000s\000s\000o\000\040\0004\000\040\040\024\000\040\000r\000e\000v\000a\000l\000i\000d\000a\000r\000\040\000c\000a\000d\000a\000\040\000p\000e\000d\000i\000d\000o\000\040\000n\000o\000\040\000s\000e\000r\000v\000i\000d\000o\000r}{section.82}% 52
\BOOKMARK [1][-]{section.115}{\376\377\000M\000\363\000d\000u\000l\000o\000s\000\040\000t\000r\000a\000n\000s\000v\000e\000r\000s\000a\000i\000s\000\040\000a\000o\000\040\000e\000c\000o\000s\000s\000i\000s\000t\000e\000m\000a}{chapter.80}% 53
\BOOKMARK [2][-]{subsection.116}{\376\377\000S\000e\000l\000e\000t\000o\000r\000\040\000d\000e\000\040\000a\000p\000l\000i\000c\000a\000\347\000\365\000e\000s}{section.115}% 54
\BOOKMARK [2][-]{subsection.117}{\376\377\000C\000o\000n\000f\000i\000g\000u\000r\000a\000\347\000\343\000o\000\040\000a\000d\000m\000i\000n\000i\000s\000t\000r\000a\000t\000i\000v\000a\000\040\000d\000o\000\040\000a\000c\000e\000s\000s\000o}{section.115}% 55
\BOOKMARK [2][-]{subsection.118}{\376\377\000S\000i\000s\000t\000e\000m\000a\000\040\000d\000e\000\040\000a\000u\000d\000i\000t\000o\000r\000i\000a}{section.115}% 56
\BOOKMARK [1][-]{section.119}{\376\377\000M\000\363\000d\000u\000l\000o\000s\000\040\000o\000p\000e\000r\000a\000c\000i\000o\000n\000a\000i\000s\000\040\000d\000a\000\040\000J\000u\000s\000t\000C\000a\000u\000s\000e\000s}{chapter.80}% 57
\BOOKMARK [2][-]{subsection.120}{\376\377\000D\000a\000s\000h\000b\000o\000a\000r\000d\000\040\000e\000\040\000m\000\351\000t\000r\000i\000c\000a\000s}{section.119}% 58
\BOOKMARK [2][-]{subsection.121}{\376\377\000G\000e\000s\000t\000\343\000o\000\040\000d\000e\000\040\000c\000a\000m\000p\000a\000n\000h\000a\000s}{section.119}% 59
\BOOKMARK [2][-]{subsection.122}{\376\377\000G\000e\000s\000t\000\343\000o\000\040\000d\000e\000\040\000c\000a\000t\000e\000g\000o\000r\000i\000a\000s}{section.119}% 60
\BOOKMARK [2][-]{subsection.123}{\376\377\000A\000n\000a\000l\000y\000t\000i\000c\000s}{section.119}% 61
\BOOKMARK [2][-]{subsection.124}{\376\377\000A\000p\000r\000o\000v\000a\000\347\000\343\000o\000\040\000d\000e\000\040\000l\000e\000v\000a\000n\000t\000a\000m\000e\000n\000t\000o\000s}{section.119}% 62
\BOOKMARK [2][-]{subsection.125}{\376\377\000T\000r\000a\000n\000s\000a\000\347\000\365\000e\000s}{section.119}% 63
\BOOKMARK [1][-]{section.126}{\376\377\000T\000e\000s\000t\000e\000s}{chapter.80}% 64
\BOOKMARK [2][-]{subsection.127}{\376\377\000V\000a\000l\000i\000d\000a\000\347\000\343\000o\000\040\000m\000a\000n\000u\000a\000l\000\040\000p\000o\000r\000\040\000m\000\363\000d\000u\000l\000o}{section.126}% 65
\BOOKMARK [2][-]{subsection.128}{\376\377\000T\000e\000s\000t\000e\000s\000\040\000d\000e\000\040\000i\000n\000t\000e\000g\000r\000a\000\347\000\343\000o\000\040\000d\000a\000\040\000A\000P\000I\000\040\000d\000a\000\040\000J\000u\000s\000t\000C\000a\000u\000s\000e\000s}{section.126}% 66
\BOOKMARK [2][-]{subsection.130}{\376\377\000T\000e\000s\000t\000e\000s\000\040\000u\000n\000i\000t\000\341\000r\000i\000o\000s\000\040\000a\000o\000\040\000m\000\363\000d\000u\000l\000o\000\040\000d\000e\000\040\000e\000v\000e\000n\000t\000o\000s\000\040\000d\000e\000\040\000d\000o\000m\000\355\000n\000i\000o}{section.126}% 67
\BOOKMARK [2][-]{subsection.131}{\376\377\000L\000i\000m\000i\000t\000a\000\347\000\365\000e\000s\000\040\000e\000\040\000t\000r\000a\000b\000a\000l\000h\000o\000\040\000f\000u\000t\000u\000r\000o\000\040\000e\000m\000\040\000t\000e\000s\000t\000e\000s}{section.126}% 68
\BOOKMARK [1][-]{section.132}{\376\377\000A\000v\000a\000l\000i\000a\000\347\000\343\000o\000\040\000d\000a\000\040\000s\000o\000l\000u\000\347\000\343\000o}{chapter.80}% 69
\BOOKMARK [1][-]{section.134}{\376\377\000C\000o\000n\000c\000l\000u\000s\000\343\000o}{chapter.80}% 70
\BOOKMARK [0][-]{chapter.135}{\376\377\000C\000o\000n\000c\000l\000u\000s\000\365\000e\000s}{}% 71
\BOOKMARK [1][-]{section.136}{\376\377\000O\000b\000j\000e\000t\000i\000v\000o\000s\000\040\000c\000o\000n\000c\000r\000e\000t\000i\000z\000a\000d\000o\000s}{chapter.135}% 72
\BOOKMARK [1][-]{section.138}{\376\377\000L\000i\000m\000i\000t\000a\000\347\000\365\000e\000s\000\040\000e\000\040\000t\000r\000a\000b\000a\000l\000h\000o\000\040\000f\000u\000t\000u\000r\000o}{chapter.135}% 73
\BOOKMARK [2][-]{subsection.139}{\376\377\000L\000i\000m\000i\000t\000a\000\347\000\365\000e\000s\000\040\000i\000d\000e\000n\000t\000i\000f\000i\000c\000a\000d\000a\000s}{section.138}% 74
\BOOKMARK [2][-]{subsection.140}{\376\377\000T\000r\000a\000b\000a\000l\000h\000o\000\040\000f\000u\000t\000u\000r\000o}{section.138}% 75
\BOOKMARK [1][-]{section.141}{\376\377\000A\000p\000r\000e\000c\000i\000a\000\347\000\343\000o\000\040\000f\000i\000n\000a\000l}{chapter.135}% 76
\BOOKMARK [0][-]{chapter*.142}{\376\377\000B\000i\000b\000l\000i\000o\000g\000r\000a\000f\000i\000a}{}% 77
\BOOKMARK [0][-]{appendix.143}{\376\377\000D\000i\000a\000g\000r\000a\000m\000a\000s\000\040\000d\000e\000\040\000s\000e\000q\000u\000\352\000n\000c\000i\000a\000\040\000d\000o\000\040\000s\000i\000s\000t\000e\000m\000a\000\040\040\024\000\040\000V\000e\000r\000s\000\343\000o\000\040\000d\000e\000t\000a\000l\000h\000a\000d\000a}{}% 78
\BOOKMARK [1][-]{section.144}{\376\377\000A\000u\000t\000e\000n\000t\000i\000c\000a\000\347\000\343\000o\000\040\000\050\000B\000O\000S\000H\000-\0002\0006\000\051}{appendix.143}% 79
\BOOKMARK [1][-]{section.146}{\376\377\000R\000e\000v\000i\000s\000\343\000o\000\040\000d\000e\000\040\000c\000a\000m\000p\000a\000n\000h\000a\000s\000\040\000\050\000B\000O\000S\000H\000-\0001\000\051}{appendix.143}% 80
\BOOKMARK [1][-]{section.148}{\376\377\000G\000e\000s\000t\000\343\000o\000\040\000d\000e\000\040\000c\000a\000t\000e\000g\000o\000r\000i\000a\000s\000\040\000\050\000B\000O\000S\000H\000-\0007\000\051}{appendix.143}% 81
\BOOKMARK [1][-]{section.150}{\376\377\000A\000p\000r\000o\000v\000a\000\347\000\343\000o\000\040\000d\000e\000\040\000l\000e\000v\000a\000n\000t\000a\000m\000e\000n\000t\000o\000s\000\040\000\050\000B\000O\000S\000H\000-\0005\000\051}{appendix.143}% 82
