\BOOKMARK [0][-]{section*.7}{\376\377\000L\000i\000s\000t\000a\000\040\000d\000e\000\040\000F\000i\000g\000u\000r\000a\000s}{}% 1
\BOOKMARK [0][-]{section*.9}{\376\377\000L\000i\000s\000t\000a\000\040\000d\000e\000\040\000T\000a\000b\000e\000l\000a\000s}{}% 2
\BOOKMARK [0][-]{chapter.12}{\376\377\000I\000n\000t\000r\000o\000d\000u\000\347\000\343\000o}{}% 3
\BOOKMARK [1][-]{section.13}{\376\377\000E\000n\000q\000u\000a\000d\000r\000a\000m\000e\000n\000t\000o}{chapter.12}% 4
\BOOKMARK [1][-]{section.15}{\376\377\000D\000e\000s\000c\000r\000i\000\347\000\343\000o\000\040\000d\000o\000\040\000P\000r\000o\000b\000l\000e\000m\000a}{chapter.12}% 5
\BOOKMARK [1][-]{section.16}{\376\377\000O\000b\000j\000e\000t\000i\000v\000o\000s}{chapter.12}% 6
\BOOKMARK [1][-]{section.17}{\376\377\000A\000b\000o\000r\000d\000a\000g\000e\000m}{chapter.12}% 7
\BOOKMARK [1][-]{section.18}{\376\377\000P\000l\000a\000n\000e\000a\000m\000e\000n\000t\000o\000\040\000d\000o\000\040\000t\000r\000a\000b\000a\000l\000h\000o}{chapter.12}% 8
\BOOKMARK [1][-]{section.20}{\376\377\000C\000o\000n\000t\000r\000i\000b\000u\000t\000o\000s}{chapter.12}% 9
\BOOKMARK [1][-]{section.22}{\376\377\000E\000s\000t\000r\000u\000t\000u\000r\000a\000\040\000d\000o\000\040\000r\000e\000l\000a\000t\000\363\000r\000i\000o}{chapter.12}% 10
\BOOKMARK [0][-]{chapter.23}{\376\377\000E\000s\000t\000a\000d\000o\000\040\000d\000a\000\040\000A\000r\000t\000e}{}% 11
\BOOKMARK [1][-]{section.24}{\376\377\000C\000r\000i\000t\000\351\000r\000i\000o\000s\000\040\000d\000e\000\040\000a\000n\000\341\000l\000i\000s\000e}{chapter.23}% 12
\BOOKMARK [1][-]{section.26}{\376\377\000T\000r\000a\000b\000a\000l\000h\000o\000s\000\040\000r\000e\000l\000a\000c\000i\000o\000n\000a\000d\000o\000s}{chapter.23}% 13
\BOOKMARK [2][-]{subsection.27}{\376\377\000S\000h\000o\000p\000i\000f\000y\000\040\000A\000d\000m\000i\000n}{section.26}% 14
\BOOKMARK [2][-]{subsection.31}{\376\377\000S\000t\000r\000i\000p\000e\000\040\000D\000a\000s\000h\000b\000o\000a\000r\000d}{section.26}% 15
\BOOKMARK [2][-]{subsection.35}{\376\377\000D\000i\000r\000e\000c\000t\000u\000s}{section.26}% 16
\BOOKMARK [2][-]{subsection.39}{\376\377\000A\000p\000p\000s\000m\000i\000t\000h}{section.26}% 17
\BOOKMARK [2][-]{subsection.43}{\376\377\000A\000n\000\341\000l\000i\000s\000e\000\040\000c\000o\000m\000p\000a\000r\000a\000t\000i\000v\000a}{section.26}% 18
\BOOKMARK [1][-]{section.45}{\376\377\000P\000r\000i\000n\000c\000\355\000p\000i\000o\000s\000\040\000t\000\351\000c\000n\000i\000c\000o\000s\000\040\000r\000e\000l\000e\000v\000a\000n\000t\000e\000s}{chapter.23}% 19
\BOOKMARK [2][-]{subsection.46}{\376\377\000A\000u\000t\000e\000n\000t\000i\000c\000a\000\347\000\343\000o\000,\000\040\000a\000u\000t\000o\000r\000i\000z\000a\000\347\000\343\000o\000\040\000e\000\040\000s\000e\000p\000a\000r\000a\000\347\000\343\000o\000\040\000d\000e\000\040\000r\000e\000s\000p\000o\000n\000s\000a\000b\000i\000l\000i\000d\000a\000d\000e\000s}{section.45}% 20
\BOOKMARK [2][-]{subsection.47}{\376\377\000A\000u\000d\000i\000t\000o\000r\000i\000a\000\040\000o\000p\000e\000r\000a\000c\000i\000o\000n\000a\000l}{section.45}% 21
\BOOKMARK [2][-]{subsection.48}{\376\377\000F\000e\000r\000r\000a\000m\000e\000n\000t\000a\000\040\000g\000e\000n\000\351\000r\000i\000c\000a\000\040\000o\000u\000\040\000i\000m\000p\000l\000e\000m\000e\000n\000t\000a\000\347\000\343\000o\000\040\000\340\000\040\000m\000e\000d\000i\000d\000a}{section.45}% 22
\BOOKMARK [1][-]{section.49}{\376\377\000T\000e\000c\000n\000o\000l\000o\000g\000i\000a\000s\000\040\000e\000n\000q\000u\000a\000d\000r\000a\000d\000o\000r\000a\000s\000\040\000d\000o\000\040\000p\000r\000o\000j\000e\000t\000o}{chapter.23}% 23
\BOOKMARK [1][-]{section.50}{\376\377\000A\000n\000\341\000l\000i\000s\000e\000\040\000e\000\040\000s\000e\000l\000e\000\347\000\343\000o\000\040\000d\000a\000\040\000a\000b\000o\000r\000d\000a\000g\000e\000m}{chapter.23}% 24
\BOOKMARK [1][-]{section.51}{\376\377\000S\000u\000m\000\341\000r\000i\000o}{chapter.23}% 25
\BOOKMARK [0][-]{chapter.52}{\376\377\000A\000n\000\341\000l\000i\000s\000e\000\040\000e\000\040\000D\000e\000s\000e\000n\000h\000o\000\040\000d\000a\000\040\000S\000o\000l\000u\000\347\000\343\000o}{}% 26
\BOOKMARK [1][-]{section.53}{\376\377\000R\000e\000q\000u\000i\000s\000i\000t\000o\000s}{chapter.52}% 27
\BOOKMARK [1][-]{section.55}{\376\377\000A\000n\000\341\000l\000i\000s\000e}{chapter.52}% 28
\BOOKMARK [2][-]{subsection.56}{\376\377\000M\000o\000d\000e\000l\000o\000\040\000d\000e\000\040\000a\000p\000l\000i\000c\000a\000\347\000\343\000o}{section.55}% 29
\BOOKMARK [1][-]{section.59}{\376\377\000A\000r\000q\000u\000i\000t\000e\000t\000u\000r\000a\000\040\000d\000a\000\040\000s\000o\000l\000u\000\347\000\343\000o}{chapter.52}% 30
\BOOKMARK [2][-]{subsection.60}{\376\377\000N\000\355\000v\000e\000l\000\040\0001\000:\000\040\000c\000o\000n\000t\000e\000x\000t\000o\000\040\000d\000o\000\040\000s\000i\000s\000t\000e\000m\000a}{section.59}% 31
\BOOKMARK [2][-]{subsection.62}{\376\377\000N\000\355\000v\000e\000l\000\040\0002\000:\000\040\000c\000o\000n\000t\000e\000n\000t\000o\000r\000e\000s\000\040\000e\000\040\000v\000i\000s\000t\000a\000\040\000f\000\355\000s\000i\000c\000a}{section.59}% 32
\BOOKMARK [3][-]{subsubsection.64}{\376\377\000V\000i\000s\000t\000a\000\040\000f\000\355\000s\000i\000c\000a}{subsection.62}% 33
\BOOKMARK [2][-]{subsection.67}{\376\377\000N\000\355\000v\000e\000l\000\040\0003\000:\000\040\000c\000o\000m\000p\000o\000n\000e\000n\000t\000e\000s\000,\000\040\000i\000m\000p\000l\000e\000m\000e\000n\000t\000a\000\347\000\343\000o\000\040\000e\000\040\000d\000a\000d\000o\000s}{section.59}% 34
\BOOKMARK [3][-]{subsubsection.68}{\376\377\000C\000o\000m\000p\000o\000n\000e\000n\000t\000e\000s\000\040\000d\000o\000\040\000b\000a\000c\000k\000-\000e\000n\000d}{subsection.67}% 35
\BOOKMARK [3][-]{subsubsection.71}{\376\377\000C\000o\000m\000p\000o\000n\000e\000n\000t\000e\000s\000\040\000d\000o\000\040\000f\000r\000o\000n\000t\000-\000e\000n\000d}{subsection.67}% 36
\BOOKMARK [3][-]{subsubsection.73}{\376\377\000F\000l\000u\000x\000o\000s\000\040\000d\000e\000\040\000s\000i\000s\000t\000e\000m\000a\000\040\000e\000\040\000d\000i\000a\000g\000r\000a\000m\000a\000s\000\040\000d\000e\000\040\000s\000e\000q\000u\000\352\000n\000c\000i\000a}{subsection.67}% 37
\BOOKMARK [3][-]{subsubsection.84}{\376\377\000M\000o\000d\000e\000l\000o\000\040\000d\000e\000\040\000d\000a\000d\000o\000s\000\040\000a\000d\000m\000i\000n\000i\000s\000t\000r\000a\000t\000i\000v\000o}{subsection.67}% 38
\BOOKMARK [3][-]{subsubsection.87}{\376\377\000M\000o\000d\000e\000l\000o\000\040\000d\000e\000\040\000p\000e\000r\000m\000i\000s\000s\000\365\000e\000s}{subsection.67}% 39
\BOOKMARK [1][-]{section.89}{\376\377\000S\000u\000m\000\341\000r\000i\000o}{chapter.52}% 40
\BOOKMARK [0][-]{chapter.90}{\376\377\000I\000m\000p\000l\000e\000m\000e\000n\000t\000a\000\347\000\343\000o\000\040\000d\000a\000\040\000S\000o\000l\000u\000\347\000\343\000o}{}% 41
\BOOKMARK [1][-]{section.91}{\376\377\000A\000m\000b\000i\000e\000n\000t\000e\000\040\000e\000\040\000e\000s\000t\000r\000u\000t\000u\000r\000a\000\040\000d\000o\000\040\000p\000r\000o\000j\000e\000t\000o}{chapter.90}% 42
\BOOKMARK [1][-]{section.92}{\376\377\000A\000u\000t\000e\000n\000t\000i\000c\000a\000\347\000\343\000o\000\040\000e\000\040\000c\000o\000n\000t\000r\000o\000l\000o\000\040\000d\000e\000\040\000a\000c\000e\000s\000s\000o}{chapter.90}% 43
\BOOKMARK [2][-]{subsection.93}{\376\377\000P\000a\000s\000s\000o\000\040\0001\000:\000\040\000a\000u\000t\000e\000n\000t\000i\000c\000a\000r\000\040\000e\000\040\000r\000e\000s\000o\000l\000v\000e\000r\000\040\000o\000\040\000c\000o\000n\000t\000e\000x\000t\000o\000\040\000d\000o\000\040\000o\000p\000e\000r\000a\000d\000o\000r}{section.92}% 44
\BOOKMARK [2][-]{subsection.130}{\376\377\000P\000a\000s\000s\000o\000\040\0002\000:\000\040\000d\000e\000c\000i\000d\000i\000r\000\040\000o\000\040\000a\000c\000e\000s\000s\000o\000\040\000\340\000\040\000a\000p\000l\000i\000c\000a\000\347\000\343\000o\000\040\000e\000\040\000\340\000\040\000p\000\341\000g\000i\000n\000a}{section.92}% 45
\BOOKMARK [2][-]{subsection.131}{\376\377\000P\000a\000s\000s\000o\000\040\0003\000:\000\040\000l\000i\000m\000i\000t\000a\000r\000\040\000a\000\347\000\365\000e\000s\000\040\000d\000e\000n\000t\000r\000o\000\040\000d\000a\000\040\000i\000n\000t\000e\000r\000f\000a\000c\000e}{section.92}% 46
\BOOKMARK [2][-]{subsection.132}{\376\377\000P\000a\000s\000s\000o\000\040\0004\000:\000\040\000r\000e\000v\000a\000l\000i\000d\000a\000r\000\040\000c\000a\000d\000a\000\040\000p\000e\000d\000i\000d\000o\000\040\000n\000o\000\040\000s\000e\000r\000v\000i\000d\000o\000r}{section.92}% 47
\BOOKMARK [1][-]{section.161}{\376\377\000M\000\363\000d\000u\000l\000o\000s\000\040\000t\000r\000a\000n\000s\000v\000e\000r\000s\000a\000i\000s\000\040\000a\000o\000\040\000e\000c\000o\000s\000s\000i\000s\000t\000e\000m\000a}{chapter.90}% 48
\BOOKMARK [2][-]{subsection.162}{\376\377\000S\000e\000l\000e\000t\000o\000r\000\040\000d\000e\000\040\000a\000p\000l\000i\000c\000a\000\347\000\365\000e\000s}{section.161}% 49
\BOOKMARK [2][-]{subsection.163}{\376\377\000G\000e\000s\000t\000\343\000o\000\040\000d\000e\000\040\000o\000p\000e\000r\000a\000d\000o\000r\000e\000s\000,\000\040\000p\000e\000r\000f\000i\000s\000\040\000e\000\040\000p\000e\000r\000m\000i\000s\000s\000\365\000e\000s}{section.161}% 50
\BOOKMARK [2][-]{subsection.200}{\376\377\000C\000o\000n\000f\000i\000g\000u\000r\000a\000\347\000\343\000o\000\040\000a\000d\000m\000i\000n\000i\000s\000t\000r\000a\000t\000i\000v\000a\000\040\000d\000o\000\040\000a\000c\000e\000s\000s\000o}{section.161}% 51
\BOOKMARK [2][-]{subsection.201}{\376\377\000S\000i\000s\000t\000e\000m\000a\000\040\000d\000e\000\040\000a\000u\000d\000i\000t\000o\000r\000i\000a}{section.161}% 52
\BOOKMARK [1][-]{section.202}{\376\377\000M\000\363\000d\000u\000l\000o\000s\000\040\000o\000p\000e\000r\000a\000c\000i\000o\000n\000a\000i\000s\000\040\000d\000a\000\040\000J\000u\000s\000t\000C\000a\000u\000s\000e\000s}{chapter.90}% 53
\BOOKMARK [2][-]{subsection.203}{\376\377\000D\000a\000s\000h\000b\000o\000a\000r\000d\000\040\000e\000\040\000m\000\351\000t\000r\000i\000c\000a\000s}{section.202}% 54
\BOOKMARK [2][-]{subsection.204}{\376\377\000G\000e\000s\000t\000\343\000o\000\040\000d\000e\000\040\000c\000a\000m\000p\000a\000n\000h\000a\000s}{section.202}% 55
\BOOKMARK [2][-]{subsection.205}{\376\377\000G\000e\000s\000t\000\343\000o\000\040\000d\000e\000\040\000c\000a\000t\000e\000g\000o\000r\000i\000a\000s}{section.202}% 56
\BOOKMARK [2][-]{subsection.206}{\376\377\000V\000e\000r\000i\000f\000i\000c\000a\000\347\000\343\000o\000\040\000K\000Y\000C\000\040\000e\000\040\000K\000Y\000B}{section.202}% 57
\BOOKMARK [2][-]{subsection.207}{\376\377\000C\000o\000m\000u\000n\000i\000c\000a\000\347\000\343\000o\000\040\000p\000o\000r\000\040\000e\000-\000m\000a\000i\000l\000\040\000e\000\040\000n\000o\000t\000i\000f\000i\000c\000a\000\347\000\365\000e\000s}{section.202}% 58
\BOOKMARK [2][-]{subsection.209}{\376\377\000A\000n\000a\000l\000y\000t\000i\000c\000s}{section.202}% 59
\BOOKMARK [1][-]{section.210}{\376\377\000P\000e\000r\000s\000p\000e\000t\000i\000v\000a\000s\000\040\000d\000e\000\040\000u\000t\000i\000l\000i\000z\000a\000\347\000\343\000o\000\040\000e\000\040\000e\000v\000i\000d\000\352\000n\000c\000i\000a\000s}{chapter.90}% 60
\BOOKMARK [1][-]{section.226}{\376\377\000T\000e\000s\000t\000e\000s}{chapter.90}% 61
\BOOKMARK [2][-]{subsection.227}{\376\377\000V\000a\000l\000i\000d\000a\000\347\000\343\000o\000\040\000m\000a\000n\000u\000a\000l\000\040\000p\000o\000r\000\040\000m\000\363\000d\000u\000l\000o}{section.226}% 62
\BOOKMARK [2][-]{subsection.230}{\376\377\000T\000e\000s\000t\000e\000s\000\040\000d\000e\000\040\000c\000\363\000d\000i\000g\000o\000\040\000n\000o\000\040\000p\000r\000o\000c\000e\000s\000s\000o\000\040\000d\000e\000\040\000q\000u\000a\000l\000i\000d\000a\000d\000e}{section.226}% 63
\BOOKMARK [1][-]{section.268}{\376\377\000A\000v\000a\000l\000i\000a\000\347\000\343\000o\000\040\000d\000a\000\040\000s\000o\000l\000u\000\347\000\343\000o}{chapter.90}% 64
\BOOKMARK [2][-]{subsection.269}{\376\377\000A\000v\000a\000l\000i\000a\000\347\000\343\000o\000\040\000o\000p\000e\000r\000a\000c\000i\000o\000n\000a\000l\000\040\000e\000\040\000c\000r\000i\000t\000\351\000r\000i\000o\000s\000\040\000c\000o\000m\000p\000l\000e\000m\000e\000n\000t\000a\000r\000e\000s}{section.268}% 65
\BOOKMARK [2][-]{subsection.271}{\376\377\000E\000s\000t\000a\000d\000o\000\040\000f\000i\000n\000a\000l\000\040\000d\000a\000\040\000s\000o\000l\000u\000\347\000\343\000o}{section.268}% 66
\BOOKMARK [1][-]{section.273}{\376\377\000S\000u\000m\000\341\000r\000i\000o}{chapter.90}% 67
\BOOKMARK [0][-]{chapter.274}{\376\377\000C\000o\000n\000c\000l\000u\000s\000\365\000e\000s}{}% 68
\BOOKMARK [1][-]{section.275}{\376\377\000O\000b\000j\000e\000t\000i\000v\000o\000s\000\040\000c\000o\000n\000c\000r\000e\000t\000i\000z\000a\000d\000o\000s}{chapter.274}% 69
\BOOKMARK [1][-]{section.277}{\376\377\000L\000i\000m\000i\000t\000a\000\347\000\365\000e\000s\000\040\000e\000\040\000t\000r\000a\000b\000a\000l\000h\000o\000\040\000f\000u\000t\000u\000r\000o}{chapter.274}% 70
\BOOKMARK [2][-]{subsection.278}{\376\377\000L\000i\000m\000i\000t\000a\000\347\000\365\000e\000s\000\040\000i\000d\000e\000n\000t\000i\000f\000i\000c\000a\000d\000a\000s}{section.277}% 71
\BOOKMARK [2][-]{subsection.279}{\376\377\000T\000r\000a\000b\000a\000l\000h\000o\000\040\000f\000u\000t\000u\000r\000o}{section.277}% 72
\BOOKMARK [1][-]{section.280}{\376\377\000A\000p\000r\000e\000c\000i\000a\000\347\000\343\000o\000\040\000f\000i\000n\000a\000l}{chapter.274}% 73
\BOOKMARK [0][-]{chapter*.281}{\376\377\000B\000i\000b\000l\000i\000o\000g\000r\000a\000f\000i\000a}{}% 74
\BOOKMARK [0][-]{appendix.282}{\376\377\000D\000i\000a\000g\000r\000a\000m\000a\000s\000\040\000d\000e\000\040\000s\000e\000q\000u\000\352\000n\000c\000i\000a}{}% 75
\BOOKMARK [1][-]{section.283}{\376\377\000A\000u\000t\000e\000n\000t\000i\000c\000a\000\347\000\343\000o\000\040\000e\000\040\000r\000e\000s\000o\000l\000u\000\347\000\343\000o\000\040\000d\000e\000\040\000a\000c\000e\000s\000s\000o}{appendix.282}% 76
\BOOKMARK [1][-]{section.285}{\376\377\000C\000r\000i\000a\000\347\000\343\000o\000\040\000d\000e\000\040\000o\000p\000e\000r\000a\000d\000o\000r\000e\000s\000\040\000a\000d\000m\000i\000n\000i\000s\000t\000r\000a\000t\000i\000v\000o\000s}{appendix.282}% 77
\BOOKMARK [1][-]{section.287}{\376\377\000A\000t\000r\000i\000b\000u\000i\000\347\000\343\000o\000\040\000d\000e\000\040\000p\000e\000r\000f\000i\000s\000\040\000p\000o\000r\000\040\000a\000p\000l\000i\000c\000a\000\347\000\343\000o}{appendix.282}% 78
\BOOKMARK [1][-]{section.289}{\376\377\000G\000e\000s\000t\000\343\000o\000\040\000d\000e\000\040\000p\000e\000r\000f\000i\000s\000\040\000e\000\040\000p\000e\000r\000m\000i\000s\000s\000\365\000e\000s}{appendix.282}% 79
\BOOKMARK [1][-]{section.291}{\376\377\000C\000o\000n\000f\000i\000g\000u\000r\000a\000\347\000\343\000o\000\040\000d\000e\000\040\000p\000a\000g\000e\000\040\000g\000a\000t\000e\000s}{appendix.282}% 80
\BOOKMARK [1][-]{section.293}{\376\377\000A\000t\000i\000v\000i\000d\000a\000d\000e\000\040\000i\000n\000d\000i\000v\000i\000d\000u\000a\000l\000\040\000d\000e\000\040\000o\000p\000e\000r\000a\000d\000o\000r\000e\000s}{appendix.282}% 81
\BOOKMARK [1][-]{section.295}{\376\377\000R\000e\000v\000i\000s\000\343\000o\000\040\000d\000e\000\040\000c\000a\000m\000p\000a\000n\000h\000a\000s\000\040\000e\000\040\000c\000o\000m\000u\000n\000i\000c\000a\000\347\000\343\000o}{appendix.282}% 82
\BOOKMARK [1][-]{section.297}{\376\377\000G\000e\000s\000t\000\343\000o\000\040\000d\000e\000\040\000c\000a\000t\000e\000g\000o\000r\000i\000a\000s}{appendix.282}% 83
\BOOKMARK [1][-]{section.299}{\376\377\000V\000e\000r\000i\000f\000i\000c\000a\000\347\000\343\000o\000\040\000K\000Y\000C\000\040\000d\000e\000\040\000u\000t\000i\000l\000i\000z\000a\000d\000o\000r\000e\000s\000\040\000i\000n\000d\000i\000v\000i\000d\000u\000a\000i\000s}{appendix.282}% 84
\BOOKMARK [1][-]{section.301}{\376\377\000V\000e\000r\000i\000f\000i\000c\000a\000\347\000\343\000o\000\040\000K\000Y\000B\000\040\000d\000e\000\040\000o\000r\000g\000a\000n\000i\000z\000a\000\347\000\365\000e\000s}{appendix.282}% 85
