\BOOKMARK [0][-]{section*.7}{\376\377\000L\000i\000s\000t\000a\000\040\000d\000e\000\040\000F\000i\000g\000u\000r\000a\000s}{}% 1
\BOOKMARK [0][-]{section*.9}{\376\377\000L\000i\000s\000t\000a\000\040\000d\000e\000\040\000T\000a\000b\000e\000l\000a\000s}{}% 2
\BOOKMARK [0][-]{section*.10}{\376\377\000L\000i\000s\000t\000a\000\040\000d\000e\000\040\000A\000c\000r\000\363\000n\000i\000m\000o\000s}{}% 3
\BOOKMARK [0][-]{chapter.12}{\376\377\000I\000n\000t\000r\000o\000d\000u\000\347\000\343\000o}{}% 4
\BOOKMARK [1][-]{section.13}{\376\377\000E\000n\000q\000u\000a\000d\000r\000a\000m\000e\000n\000t\000o}{chapter.12}% 5
\BOOKMARK [1][-]{section.15}{\376\377\000D\000e\000s\000c\000r\000i\000\347\000\343\000o\000\040\000d\000o\000\040\000P\000r\000o\000b\000l\000e\000m\000a}{chapter.12}% 6
\BOOKMARK [1][-]{section.16}{\376\377\000O\000b\000j\000e\000t\000i\000v\000o\000s}{chapter.12}% 7
\BOOKMARK [1][-]{section.17}{\376\377\000A\000b\000o\000r\000d\000a\000g\000e\000m}{chapter.12}% 8
\BOOKMARK [1][-]{section.18}{\376\377\000P\000l\000a\000n\000e\000a\000m\000e\000n\000t\000o\000\040\000d\000o\000\040\000t\000r\000a\000b\000a\000l\000h\000o}{chapter.12}% 9
\BOOKMARK [1][-]{section.20}{\376\377\000C\000o\000n\000t\000r\000i\000b\000u\000t\000o\000s}{chapter.12}% 10
\BOOKMARK [1][-]{section.22}{\376\377\000E\000s\000t\000r\000u\000t\000u\000r\000a\000\040\000d\000o\000\040\000r\000e\000l\000a\000t\000\363\000r\000i\000o}{chapter.12}% 11
\BOOKMARK [0][-]{chapter.23}{\376\377\000E\000s\000t\000a\000d\000o\000\040\000d\000a\000\040\000A\000r\000t\000e}{}% 12
\BOOKMARK [1][-]{section.24}{\376\377\000C\000r\000i\000t\000\351\000r\000i\000o\000s\000\040\000d\000e\000\040\000a\000n\000\341\000l\000i\000s\000e}{chapter.23}% 13
\BOOKMARK [1][-]{section.26}{\376\377\000T\000r\000a\000b\000a\000l\000h\000o\000s\000\040\000r\000e\000l\000a\000c\000i\000o\000n\000a\000d\000o\000s}{chapter.23}% 14
\BOOKMARK [2][-]{subsection.27}{\376\377\000S\000h\000o\000p\000i\000f\000y\000\040\000A\000d\000m\000i\000n}{section.26}% 15
\BOOKMARK [2][-]{subsection.31}{\376\377\000S\000t\000r\000i\000p\000e\000\040\000D\000a\000s\000h\000b\000o\000a\000r\000d}{section.26}% 16
\BOOKMARK [2][-]{subsection.35}{\376\377\000D\000i\000r\000e\000c\000t\000u\000s}{section.26}% 17
\BOOKMARK [2][-]{subsection.39}{\376\377\000A\000p\000p\000s\000m\000i\000t\000h}{section.26}% 18
\BOOKMARK [2][-]{subsection.43}{\376\377\000A\000n\000\341\000l\000i\000s\000e\000\040\000c\000o\000m\000p\000a\000r\000a\000t\000i\000v\000a}{section.26}% 19
\BOOKMARK [1][-]{section.45}{\376\377\000P\000r\000i\000n\000c\000\355\000p\000i\000o\000s\000\040\000t\000\351\000c\000n\000i\000c\000o\000s\000\040\000r\000e\000l\000e\000v\000a\000n\000t\000e\000s}{chapter.23}% 20
\BOOKMARK [2][-]{subsection.46}{\376\377\000A\000u\000t\000e\000n\000t\000i\000c\000a\000\347\000\343\000o\000,\000\040\000a\000u\000t\000o\000r\000i\000z\000a\000\347\000\343\000o\000\040\000e\000\040\000s\000e\000p\000a\000r\000a\000\347\000\343\000o\000\040\000d\000e\000\040\000r\000e\000s\000p\000o\000n\000s\000a\000b\000i\000l\000i\000d\000a\000d\000e\000s}{section.45}% 21
\BOOKMARK [2][-]{subsection.47}{\376\377\000A\000u\000d\000i\000t\000o\000r\000i\000a\000\040\000o\000p\000e\000r\000a\000c\000i\000o\000n\000a\000l}{section.45}% 22
\BOOKMARK [2][-]{subsection.48}{\376\377\000F\000e\000r\000r\000a\000m\000e\000n\000t\000a\000\040\000g\000e\000n\000\351\000r\000i\000c\000a\000\040\000o\000u\000\040\000i\000m\000p\000l\000e\000m\000e\000n\000t\000a\000\347\000\343\000o\000\040\000\340\000\040\000m\000e\000d\000i\000d\000a}{section.45}% 23
\BOOKMARK [1][-]{section.49}{\376\377\000T\000e\000c\000n\000o\000l\000o\000g\000i\000a\000s\000\040\000e\000n\000q\000u\000a\000d\000r\000a\000d\000o\000r\000a\000s\000\040\000d\000o\000\040\000p\000r\000o\000j\000e\000t\000o}{chapter.23}% 24
\BOOKMARK [1][-]{section.50}{\376\377\000A\000n\000\341\000l\000i\000s\000e\000\040\000e\000\040\000s\000e\000l\000e\000\347\000\343\000o\000\040\000d\000a\000\040\000a\000b\000o\000r\000d\000a\000g\000e\000m}{chapter.23}% 25
\BOOKMARK [1][-]{section.51}{\376\377\000S\000u\000m\000\341\000r\000i\000o}{chapter.23}% 26
\BOOKMARK [0][-]{chapter.52}{\376\377\000A\000n\000\341\000l\000i\000s\000e\000\040\000e\000\040\000D\000e\000s\000e\000n\000h\000o\000\040\000d\000a\000\040\000S\000o\000l\000u\000\347\000\343\000o}{}% 27
\BOOKMARK [1][-]{section.53}{\376\377\000R\000e\000q\000u\000i\000s\000i\000t\000o\000s}{chapter.52}% 28
\BOOKMARK [1][-]{section.55}{\376\377\000A\000n\000\341\000l\000i\000s\000e}{chapter.52}% 29
\BOOKMARK [2][-]{subsection.56}{\376\377\000M\000o\000d\000e\000l\000o\000\040\000d\000e\000\040\000a\000p\000l\000i\000c\000a\000\347\000\343\000o}{section.55}% 30
\BOOKMARK [1][-]{section.58}{\376\377\000A\000r\000q\000u\000i\000t\000e\000t\000u\000r\000a\000\040\000d\000a\000\040\000s\000o\000l\000u\000\347\000\343\000o}{chapter.52}% 31
\BOOKMARK [2][-]{subsection.59}{\376\377\000N\000\355\000v\000e\000l\000\040\0001\000:\000\040\000c\000o\000n\000t\000e\000x\000t\000o\000\040\000d\000o\000\040\000s\000i\000s\000t\000e\000m\000a}{section.58}% 32
\BOOKMARK [3][-]{subsubsection.61}{\376\377\000V\000i\000s\000t\000a\000\040\000d\000e\000\040\000p\000r\000o\000c\000e\000s\000s\000o\000\040\000d\000e\000\040\000N\000\355\000v\000e\000l\000\040\0001}{subsection.59}% 33
\BOOKMARK [2][-]{subsection.64}{\376\377\000N\000\355\000v\000e\000l\000\040\0002\000:\000\040\000c\000o\000n\000t\000e\000n\000t\000o\000r\000e\000s\000,\000\040\000i\000m\000p\000l\000e\000m\000e\000n\000t\000a\000\347\000\343\000o\000,\000\040\000p\000r\000o\000c\000e\000s\000s\000o\000\040\000e\000\040\000v\000i\000s\000t\000a\000\040\000f\000\355\000s\000i\000c\000a}{section.58}% 34
\BOOKMARK [3][-]{subsubsection.66}{\376\377\000V\000i\000s\000t\000a\000\040\000d\000e\000\040\000i\000m\000p\000l\000e\000m\000e\000n\000t\000a\000\347\000\343\000o}{subsection.64}% 35
\BOOKMARK [3][-]{subsubsection.68}{\376\377\000V\000i\000s\000t\000a\000\040\000d\000e\000\040\000p\000r\000o\000c\000e\000s\000s\000o}{subsection.64}% 36
\BOOKMARK [3][-]{subsubsection.70}{\376\377\000V\000i\000s\000t\000a\000\040\000f\000\355\000s\000i\000c\000a}{subsection.64}% 37
\BOOKMARK [2][-]{subsection.73}{\376\377\000N\000\355\000v\000e\000l\000\040\0003\000:\000\040\000c\000o\000m\000p\000o\000n\000e\000n\000t\000e\000s\000,\000\040\000i\000m\000p\000l\000e\000m\000e\000n\000t\000a\000\347\000\343\000o\000,\000\040\000p\000r\000o\000c\000e\000s\000s\000o\000s\000\040\000e\000\040\000d\000a\000d\000o\000s}{section.58}% 38
\BOOKMARK [3][-]{subsubsection.74}{\376\377\000C\000o\000m\000p\000o\000n\000e\000n\000t\000e\000s\000\040\000d\000o\000\040\000b\000a\000c\000k\000-\000e\000n\000d}{subsection.73}% 39
\BOOKMARK [3][-]{subsubsection.78}{\376\377\000C\000o\000m\000p\000o\000n\000e\000n\000t\000e\000s\000\040\000d\000o\000\040\000f\000r\000o\000n\000t\000-\000e\000n\000d}{subsection.73}% 40
\BOOKMARK [3][-]{subsubsection.81}{\376\377\000M\000o\000d\000e\000l\000o\000\040\000d\000e\000\040\000d\000a\000d\000o\000s\000\040\000a\000d\000m\000i\000n\000i\000s\000t\000r\000a\000t\000i\000v\000o}{subsection.73}% 41
\BOOKMARK [3][-]{subsubsection.84}{\376\377\000M\000o\000d\000e\000l\000o\000\040\000d\000e\000\040\000p\000e\000r\000m\000i\000s\000s\000\365\000e\000s}{subsection.73}% 42
\BOOKMARK [1][-]{section.86}{\376\377\000S\000u\000m\000\341\000r\000i\000o}{chapter.52}% 43
\BOOKMARK [0][-]{chapter.87}{\376\377\000I\000m\000p\000l\000e\000m\000e\000n\000t\000a\000\347\000\343\000o\000\040\000d\000a\000\040\000S\000o\000l\000u\000\347\000\343\000o}{}% 44
\BOOKMARK [1][-]{section.88}{\376\377\000I\000m\000p\000l\000e\000m\000e\000n\000t\000a\000\347\000\343\000o\000\040\000d\000o\000\040\000b\000a\000c\000k\000-\000e\000n\000d}{chapter.87}% 45
\BOOKMARK [2][-]{subsection.89}{\376\377\000E\000s\000t\000r\000u\000t\000u\000r\000a\000\040\000p\000o\000r\000\040\000c\000a\000m\000a\000d\000a\000s\000\040\000e\000\040\000i\000n\000j\000e\000\347\000\343\000o\000\040\000d\000e\000\040\000d\000e\000p\000e\000n\000d\000\352\000n\000c\000i\000a\000s}{section.88}% 46
\BOOKMARK [2][-]{subsection.90}{\376\377\000I\000n\000t\000e\000g\000r\000a\000\347\000\343\000o\000\040\000d\000a\000\040\000i\000d\000e\000n\000t\000i\000d\000a\000d\000e\000\040\000a\000u\000t\000e\000n\000t\000i\000c\000a\000d\000a\000\040\000e\000\040\000c\000o\000n\000t\000e\000x\000t\000o\000\040\000d\000e\000\040\000a\000u\000t\000o\000r\000i\000z\000a\000\347\000\343\000o}{section.88}% 47
\BOOKMARK [2][-]{subsection.128}{\376\377\000P\000r\000o\000t\000e\000\347\000\343\000o\000\040\000d\000e\000\040\000e\000n\000d\000p\000o\000i\000n\000t\000s}{section.88}% 48
\BOOKMARK [2][-]{subsection.158}{\376\377\000P\000e\000r\000f\000i\000s\000,\000\040\000p\000e\000r\000m\000i\000s\000s\000\365\000e\000s\000\040\000e\000\040\000c\000o\000n\000f\000i\000g\000u\000r\000a\000\347\000\343\000o\000\040\000a\000d\000m\000i\000n\000i\000s\000t\000r\000a\000t\000i\000v\000a}{section.88}% 49
\BOOKMARK [2][-]{subsection.196}{\376\377\000A\000u\000d\000i\000t\000o\000r\000i\000a\000\040\000e\000\040\000a\000t\000i\000v\000i\000d\000a\000d\000e\000\040\000d\000o\000s\000\040\000o\000p\000e\000r\000a\000d\000o\000r\000e\000s}{section.88}% 50
\BOOKMARK [2][-]{subsection.197}{\376\377\000F\000l\000u\000x\000o\000s\000\040\000o\000p\000e\000r\000a\000c\000i\000o\000n\000a\000i\000s\000\040\000d\000a\000\040\000J\000u\000s\000t\000C\000a\000u\000s\000e\000s\000\040\000n\000o\000\040\000s\000e\000r\000v\000i\000d\000o\000r}{section.88}% 51
\BOOKMARK [2][-]{subsection.229}{\376\377\000E\000-\000m\000a\000i\000l\000\040\000t\000r\000a\000n\000s\000a\000c\000i\000o\000n\000a\000l\000\040\000e\000\040\000n\000o\000t\000i\000f\000i\000c\000a\000\347\000\365\000e\000s}{section.88}% 52
\BOOKMARK [1][-]{section.231}{\376\377\000I\000m\000p\000l\000e\000m\000e\000n\000t\000a\000\347\000\343\000o\000\040\000d\000o\000\040\000f\000r\000o\000n\000t\000-\000e\000n\000d}{chapter.87}% 53
\BOOKMARK [2][-]{subsection.232}{\376\377\000E\000n\000t\000r\000a\000d\000a\000\040\000n\000o\000\040\000e\000c\000o\000s\000s\000i\000s\000t\000e\000m\000a\000\040\000e\000\040\000a\000c\000e\000s\000s\000o\000\040\000p\000o\000r\000\040\000a\000p\000l\000i\000c\000a\000\347\000\343\000o}{section.231}% 54
\BOOKMARK [2][-]{subsection.251}{\376\377\000C\000o\000n\000f\000i\000g\000u\000r\000a\000\347\000\343\000o\000\040\000v\000i\000s\000u\000a\000l\000\040\000d\000e\000\040\000o\000p\000e\000r\000a\000d\000o\000r\000e\000s\000,\000\040\000p\000e\000r\000f\000i\000s\000\040\000e\000\040\000p\000\341\000g\000i\000n\000a\000s}{section.231}% 55
\BOOKMARK [2][-]{subsection.257}{\376\377\000A\000u\000d\000i\000t\000o\000r\000i\000a\000\040\000n\000a\000\040\000i\000n\000t\000e\000r\000f\000a\000c\000e}{section.231}% 56
\BOOKMARK [2][-]{subsection.259}{\376\377\000F\000l\000u\000x\000o\000s\000\040\000o\000p\000e\000r\000a\000c\000i\000o\000n\000a\000i\000s\000\040\000d\000a\000\040\000J\000u\000s\000t\000C\000a\000u\000s\000e\000s}{section.231}% 57
\BOOKMARK [2][-]{subsection.265}{\376\377\000V\000e\000r\000i\000f\000i\000c\000a\000\347\000\343\000o\000\040\000K\000Y\000C\000\040\000e\000\040\000K\000Y\000B}{section.231}% 58
\BOOKMARK [1][-]{section.269}{\376\377\000T\000e\000s\000t\000e\000s}{chapter.87}% 59
\BOOKMARK [2][-]{subsection.270}{\376\377\000V\000a\000l\000i\000d\000a\000\347\000\343\000o\000\040\000m\000a\000n\000u\000a\000l\000\040\000p\000o\000r\000\040\000m\000\363\000d\000u\000l\000o}{section.269}% 60
\BOOKMARK [2][-]{subsection.273}{\376\377\000T\000e\000s\000t\000e\000s\000\040\000a\000u\000t\000o\000m\000a\000t\000i\000z\000a\000d\000o\000s\000\040\000n\000o\000\040\000p\000r\000o\000c\000e\000s\000s\000o\000\040\000d\000e\000\040\000q\000u\000a\000l\000i\000d\000a\000d\000e}{section.269}% 61
\BOOKMARK [1][-]{section.312}{\376\377\000A\000v\000a\000l\000i\000a\000\347\000\343\000o\000\040\000d\000a\000\040\000s\000o\000l\000u\000\347\000\343\000o}{chapter.87}% 62
\BOOKMARK [2][-]{subsection.313}{\376\377\000A\000v\000a\000l\000i\000a\000\347\000\343\000o\000\040\000o\000p\000e\000r\000a\000c\000i\000o\000n\000a\000l\000\040\000e\000\040\000c\000r\000i\000t\000\351\000r\000i\000o\000s\000\040\000c\000o\000m\000p\000l\000e\000m\000e\000n\000t\000a\000r\000e\000s}{section.312}% 63
\BOOKMARK [2][-]{subsection.315}{\376\377\000E\000s\000t\000a\000d\000o\000\040\000f\000i\000n\000a\000l\000\040\000d\000a\000\040\000s\000o\000l\000u\000\347\000\343\000o}{section.312}% 64
\BOOKMARK [1][-]{section.317}{\376\377\000S\000u\000m\000\341\000r\000i\000o}{chapter.87}% 65
\BOOKMARK [0][-]{chapter.318}{\376\377\000C\000o\000n\000c\000l\000u\000s\000\365\000e\000s}{}% 66
\BOOKMARK [1][-]{section.319}{\376\377\000O\000b\000j\000e\000t\000i\000v\000o\000s\000\040\000c\000o\000n\000c\000r\000e\000t\000i\000z\000a\000d\000o\000s}{chapter.318}% 67
\BOOKMARK [1][-]{section.321}{\376\377\000L\000i\000m\000i\000t\000a\000\347\000\365\000e\000s\000\040\000e\000\040\000t\000r\000a\000b\000a\000l\000h\000o\000\040\000f\000u\000t\000u\000r\000o}{chapter.318}% 68
\BOOKMARK [2][-]{subsection.322}{\376\377\000L\000i\000m\000i\000t\000a\000\347\000\365\000e\000s\000\040\000i\000d\000e\000n\000t\000i\000f\000i\000c\000a\000d\000a\000s}{section.321}% 69
\BOOKMARK [2][-]{subsection.323}{\376\377\000T\000r\000a\000b\000a\000l\000h\000o\000\040\000f\000u\000t\000u\000r\000o}{section.321}% 70
\BOOKMARK [1][-]{section.324}{\376\377\000A\000p\000r\000e\000c\000i\000a\000\347\000\343\000o\000\040\000f\000i\000n\000a\000l}{chapter.318}% 71
\BOOKMARK [0][-]{chapter*.325}{\376\377\000B\000i\000b\000l\000i\000o\000g\000r\000a\000f\000i\000a}{}% 72
\BOOKMARK [0][-]{appendix.326}{\376\377\000D\000i\000a\000g\000r\000a\000m\000a\000s\000\040\000d\000e\000\040\000s\000e\000q\000u\000\352\000n\000c\000i\000a}{}% 73
\BOOKMARK [1][-]{section.327}{\376\377\000R\000e\000s\000o\000l\000u\000\347\000\343\000o\000\040\000d\000e\000\040\000a\000c\000e\000s\000s\000o\000\040\000a\000p\000\363\000s\000\040\000a\000u\000t\000e\000n\000t\000i\000c\000a\000\347\000\343\000o}{appendix.326}% 74
\BOOKMARK [1][-]{section.329}{\376\377\000C\000r\000i\000a\000\347\000\343\000o\000\040\000d\000e\000\040\000o\000p\000e\000r\000a\000d\000o\000r\000e\000s\000\040\000a\000d\000m\000i\000n\000i\000s\000t\000r\000a\000t\000i\000v\000o\000s}{appendix.326}% 75
\BOOKMARK [1][-]{section.331}{\376\377\000A\000t\000r\000i\000b\000u\000i\000\347\000\343\000o\000\040\000d\000e\000\040\000p\000e\000r\000f\000i\000s\000\040\000p\000o\000r\000\040\000a\000p\000l\000i\000c\000a\000\347\000\343\000o}{appendix.326}% 76
\BOOKMARK [1][-]{section.333}{\376\377\000G\000e\000s\000t\000\343\000o\000\040\000d\000e\000\040\000p\000e\000r\000f\000i\000s\000\040\000e\000\040\000p\000e\000r\000m\000i\000s\000s\000\365\000e\000s}{appendix.326}% 77
\BOOKMARK [1][-]{section.335}{\376\377\000C\000o\000n\000f\000i\000g\000u\000r\000a\000\347\000\343\000o\000\040\000d\000e\000\040\000p\000a\000g\000e\000\040\000g\000a\000t\000e\000s}{appendix.326}% 78
\BOOKMARK [1][-]{section.337}{\376\377\000A\000t\000i\000v\000i\000d\000a\000d\000e\000\040\000i\000n\000d\000i\000v\000i\000d\000u\000a\000l\000\040\000d\000e\000\040\000o\000p\000e\000r\000a\000d\000o\000r\000e\000s}{appendix.326}% 79
\BOOKMARK [1][-]{section.339}{\376\377\000R\000e\000v\000i\000s\000\343\000o\000\040\000d\000e\000\040\000c\000a\000m\000p\000a\000n\000h\000a\000s\000\040\000e\000\040\000c\000o\000m\000u\000n\000i\000c\000a\000\347\000\343\000o}{appendix.326}% 80
\BOOKMARK [1][-]{section.341}{\376\377\000G\000e\000s\000t\000\343\000o\000\040\000d\000e\000\040\000c\000a\000t\000e\000g\000o\000r\000i\000a\000s}{appendix.326}% 81
\BOOKMARK [1][-]{section.343}{\376\377\000V\000e\000r\000i\000f\000i\000c\000a\000\347\000\343\000o\000\040\000K\000Y\000C\000\040\000d\000e\000\040\000u\000t\000i\000l\000i\000z\000a\000d\000o\000r\000e\000s\000\040\000i\000n\000d\000i\000v\000i\000d\000u\000a\000i\000s}{appendix.326}% 82
\BOOKMARK [1][-]{section.345}{\376\377\000V\000e\000r\000i\000f\000i\000c\000a\000\347\000\343\000o\000\040\000K\000Y\000B\000\040\000d\000e\000\040\000o\000r\000g\000a\000n\000i\000z\000a\000\347\000\365\000e\000s}{appendix.326}% 83
